<?xml version="1.0" encoding="UTF-8"?>
<testng-results ignored="0" total="1" passed="1" failed="0" skipped="0">
  <reporter-output>
  </reporter-output>
  <suite started-at="2022-12-11T19:22:42Z" name="Default suite" finished-at="2022-12-11T19:23:34Z" duration-ms="52078">
    <groups>
      <group name="cucumber">
        <method signature="AbstractTestNGCucumberTests.feature(cucumber.api.testng.CucumberFeatureWrapper)[pri:0, instance:com.stroeer.testRunner.StroeerTestRunner@2fd953a6]" name="feature" class="cucumber.api.testng.AbstractTestNGCucumberTests"/>
      </group> <!-- cucumber -->
    </groups>
    <test started-at="2022-12-11T19:22:42Z" name="Default test" finished-at="2022-12-11T19:23:34Z" duration-ms="52078">
      <class name="com.stroeer.testRunner.StroeerTestRunner">
        <test-method is-config="true" signature="setUpClass()[pri:0, instance:com.stroeer.testRunner.StroeerTestRunner@2fd953a6]" started-at="2022-12-12T00:52:42Z" name="setUpClass" finished-at="2022-12-12T00:52:43Z" duration-ms="262" status="PASS">
          <reporter-output>
          </reporter-output>
        </test-method> <!-- setUpClass -->
        <test-method is-config="true" signature="setup()[pri:0, instance:com.stroeer.testRunner.StroeerTestRunner@2fd953a6]" started-at="2022-12-12T00:52:43Z" name="setup" finished-at="2022-12-12T00:52:43Z" duration-ms="30" status="PASS">
          <reporter-output>
          </reporter-output>
        </test-method> <!-- setup -->
        <test-method signature="feature(cucumber.api.testng.CucumberFeatureWrapper)[pri:0, instance:com.stroeer.testRunner.StroeerTestRunner@2fd953a6]" started-at="2022-12-12T00:52:43Z" name="feature" description="Runs Cucumber Feature" data-provider="features" finished-at="2022-12-12T00:53:33Z" duration-ms="50804" status="PASS">
          <params>
            <param index="0">
              <value>
                <![CDATA[Amazon cart validation]]>
              </value>
            </param>
          </params>
          <reporter-output>
          </reporter-output>
        </test-method> <!-- feature -->
        <test-method is-config="true" signature="writeExtentReport()[pri:0, instance:com.stroeer.testRunner.StroeerTestRunner@2fd953a6]" started-at="2022-12-12T00:53:33Z" name="writeExtentReport" finished-at="2022-12-12T00:53:33Z" duration-ms="22" status="PASS">
          <reporter-output>
          </reporter-output>
        </test-method> <!-- writeExtentReport -->
        <test-method is-config="true" signature="tearDownClass()[pri:0, instance:com.stroeer.testRunner.StroeerTestRunner@2fd953a6]" started-at="2022-12-12T00:53:33Z" name="tearDownClass" finished-at="2022-12-12T00:53:34Z" duration-ms="877" status="PASS">
          <reporter-output>
          </reporter-output>
        </test-method> <!-- tearDownClass -->
      </class> <!-- com.stroeer.testRunner.StroeerTestRunner -->
    </test> <!-- Default test -->
  </suite> <!-- Default suite -->
</testng-results>
