<?xml version="1.0" encoding="UTF-8"?>
<testng-results ignored="0" total="1" passed="1" failed="0" skipped="0">
  <reporter-output>
  </reporter-output>
  <suite started-at="2022-12-08T20:07:13Z" name="Default suite" finished-at="2022-12-08T20:08:06Z" duration-ms="53643">
    <groups>
      <group name="cucumber">
        <method signature="AbstractTestNGCucumberTests.feature(cucumber.api.testng.CucumberFeatureWrapper)[pri:0, instance:com.stroeer.testRunner.StroeerTestRunner@2fd953a6]" name="feature" class="cucumber.api.testng.AbstractTestNGCucumberTests"/>
      </group> <!-- cucumber -->
    </groups>
    <test started-at="2022-12-08T20:07:13Z" name="Default test" finished-at="2022-12-08T20:08:06Z" duration-ms="53643">
      <class name="com.stroeer.testRunner.StroeerTestRunner">
        <test-method is-config="true" signature="setUpClass()[pri:0, instance:com.stroeer.testRunner.StroeerTestRunner@2fd953a6]" started-at="2022-12-09T01:37:13Z" name="setUpClass" finished-at="2022-12-09T01:37:13Z" duration-ms="255" status="PASS">
          <reporter-output>
          </reporter-output>
        </test-method> <!-- setUpClass -->
        <test-method is-config="true" signature="setup()[pri:0, instance:com.stroeer.testRunner.StroeerTestRunner@2fd953a6]" started-at="2022-12-09T01:37:13Z" name="setup" finished-at="2022-12-09T01:37:13Z" duration-ms="34" status="PASS">
          <reporter-output>
          </reporter-output>
        </test-method> <!-- setup -->
        <test-method signature="feature(cucumber.api.testng.CucumberFeatureWrapper)[pri:0, instance:com.stroeer.testRunner.StroeerTestRunner@2fd953a6]" started-at="2022-12-09T01:37:13Z" name="feature" description="Runs Cucumber Feature" data-provider="features" finished-at="2022-12-09T01:38:06Z" duration-ms="53028" status="PASS">
          <params>
            <param index="0">
              <value>
                <![CDATA[Amazon cart validation]]>
              </value>
            </param>
          </params>
          <reporter-output>
          </reporter-output>
        </test-method> <!-- feature -->
        <test-method is-config="true" signature="writeExtentReport()[pri:0, instance:com.stroeer.testRunner.StroeerTestRunner@2fd953a6]" started-at="2022-12-09T01:38:06Z" name="writeExtentReport" finished-at="2022-12-09T01:38:06Z" duration-ms="15" status="PASS">
          <reporter-output>
          </reporter-output>
        </test-method> <!-- writeExtentReport -->
        <test-method is-config="true" signature="tearDownClass()[pri:0, instance:com.stroeer.testRunner.StroeerTestRunner@2fd953a6]" started-at="2022-12-09T01:38:06Z" name="tearDownClass" finished-at="2022-12-09T01:38:06Z" duration-ms="230" status="PASS">
          <reporter-output>
          </reporter-output>
        </test-method> <!-- tearDownClass -->
      </class> <!-- com.stroeer.testRunner.StroeerTestRunner -->
    </test> <!-- Default test -->
  </suite> <!-- Default suite -->
</testng-results>
